<?xml version="1.0" encoding="UTF-8"?>
<!-- Generated by org.testng.reporters.JUnitReportReporter -->
<testsuite hostname="DESKTOP-F41TUJF" failures="0" tests="3" name="testng.basics.Class01" time="0.010" errors="0" timestamp="2021-05-28T00:13:13 PDT" skipped="0">
  <testcase classname="testng.basics.Class01" name="aclasstest" time="0.004"/>
  <system-out/>
  <testcase classname="testng.basics.Class01" name="bclasstest" time="0.005"/>
  <system-out/>
  <testcase classname="testng.basics.Class01" name="cclasstest" time="0.001"/>
  <system-out/>
</testsuite> <!-- testng.basics.Class01 -->
