<?xml version="1.0" encoding="UTF-8"?>
<!-- Generated by org.testng.reporters.JUnitReportReporter -->
<testsuite hostname="DESKTOP-F41TUJF" failures="0" tests="4" name="testng.basics03.Grouping" time="0.008" errors="0" timestamp="2021-05-28T00:13:13 PDT" skipped="0">
  <testcase classname="testng.basics03.Grouping" name="firstMethod" time="0.004"/>
  <system-out/>
  <testcase classname="testng.basics03.Grouping" name="fourthMethod" time="0.001"/>
  <system-out/>
  <testcase classname="testng.basics03.Grouping" name="secondMethod" time="0.001"/>
  <system-out/>
  <testcase classname="testng.basics03.Grouping" name="thirdMethod" time="0.002"/>
  <system-out/>
</testsuite> <!-- testng.basics03.Grouping -->
