<?xml version="1.0" encoding="UTF-8"?>
<!-- Generated by org.testng.reporters.JUnitReportReporter -->
<testsuite hostname="DESKTOP-F41TUJF" failures="0" tests="2" name="testng.basics02.EnableAndDisableDemo02" time="7.833" errors="0" timestamp="2021-05-27T22:44:11 PDT" skipped="0">
  <testcase classname="testng.basics02.EnableAndDisableDemo02" name="validLogin" time="5.069"/>
  <system-out/>
  <testcase classname="testng.basics02.EnableAndDisableDemo02" name="validationOfTitle" time="2.764"/>
  <system-out/>
</testsuite> <!-- testng.basics02.EnableAndDisableDemo02 -->
