<?xml version="1.0" encoding="UTF-8"?>
<!-- Generated by org.testng.reporters.JUnitReportReporter -->
<testsuite hostname="DESKTOP-F41TUJF" failures="0" tests="3" name="testng.basics02.PriorityDemo" time="0.005" errors="0" timestamp="2021-05-27T22:44:12 PDT" skipped="0">
  <testcase classname="testng.basics02.PriorityDemo" name="secondMethod" time="0.003"/>
  <system-out/>
  <testcase classname="testng.basics02.PriorityDemo" name="firstMethod" time="0.001"/>
  <system-out/>
  <testcase classname="testng.basics02.PriorityDemo" name="thirdMethod" time="0.001"/>
  <system-out/>
</testsuite> <!-- testng.basics02.PriorityDemo -->
