<?xml version="1.0" encoding="UTF-8"?>
<!-- Generated by org.testng.reporters.JUnitReportReporter -->
<testsuite hostname="DESKTOP-F41TUJF" failures="0" tests="2" name="testng.basics03.LoginTest" time="7.230" errors="0" timestamp="2021-05-28T00:13:13 PDT" skipped="0">
  <testcase classname="testng.basics03.LoginTest" name="validationOfTitle" time="2.801"/>
  <system-out/>
  <testcase classname="testng.basics03.LoginTest" name="validLogin" time="4.429"/>
  <system-out/>
</testsuite> <!-- testng.basics03.LoginTest -->
