<?xml version="1.0" encoding="UTF-8"?>
<!-- Generated by org.testng.reporters.JUnitReportReporter -->
<testsuite hostname="DESKTOP-F41TUJF" failures="0" tests="1" name="testng.basics02.HomeworkReview" time="3.104" errors="0" timestamp="2021-05-16T07:54:07 PDT" skipped="0">
  <testcase classname="testng.basics02.HomeworkReview" name="loginTest" time="3.104"/>
  <system-out/>
</testsuite> <!-- testng.basics02.HomeworkReview -->
