<?xml version="1.0" encoding="UTF-8"?>
<!-- Generated by org.testng.reporters.JUnitReportReporter -->
<testsuite hostname="DESKTOP-F41TUJF" failures="0" tests="1" name="testng.basics02.AssertionDemo" time="0.008" errors="0" timestamp="2021-05-16T09:39:57 PDT" skipped="0">
  <testcase classname="testng.basics02.AssertionDemo" name="assertVerification" time="0.008"/>
  <system-out/>
</testsuite> <!-- testng.basics02.AssertionDemo -->
