<?xml version="1.0" encoding="UTF-8"?>
<!-- Generated by org.testng.reporters.JUnitReportReporter -->
<testsuite hostname="DESKTOP-F41TUJF" failures="0" tests="2" name="testng.basics02.DependsOnAttributes" time="0.007" errors="0" timestamp="2021-05-16T09:16:09 PDT" skipped="0">
  <testcase classname="testng.basics02.DependsOnAttributes" name="enterCredentials" time="0.001"/>
  <system-out/>
  <testcase classname="testng.basics02.DependsOnAttributes" name="launchApp" time="0.006"/>
  <system-out/>
</testsuite> <!-- testng.basics02.DependsOnAttributes -->
