<?xml version="1.0" encoding="UTF-8"?>
<!-- Generated by org.testng.reporters.JUnitReportReporter -->
<testsuite hostname="DESKTOP-F41TUJF" failures="0" tests="1" name="testng.basics02.HardAssertionDemo" time="4.868" errors="0" timestamp="2021-05-16T10:07:07 PDT" skipped="0">
  <testcase classname="testng.basics02.HardAssertionDemo" name="validLogin" time="4.868"/>
  <system-out/>
</testsuite> <!-- testng.basics02.HardAssertionDemo -->
