<?xml version="1.0" encoding="UTF-8"?>
<!-- Generated by org.testng.reporters.JUnitReportReporter -->
<testsuite hostname="DESKTOP-F41TUJF" failures="0" tests="4" name="testng.basics03.ExampleBatch09" time="0.004" errors="0" timestamp="2021-05-28T00:13:13 PDT" skipped="0">
  <testcase classname="testng.basics03.ExampleBatch09" name="thirdFunction" time="0.000"/>
  <system-out/>
  <testcase classname="testng.basics03.ExampleBatch09" name="secondFunction" time="0.001"/>
  <system-out/>
  <testcase classname="testng.basics03.ExampleBatch09" name="fourthFunction" time="0.002"/>
  <system-out/>
  <testcase classname="testng.basics03.ExampleBatch09" name="firstFunction" time="0.001"/>
  <system-out/>
</testsuite> <!-- testng.basics03.ExampleBatch09 -->
