<?xml version="1.0" encoding="UTF-8"?>
<!-- Generated by org.testng.reporters.JUnitReportReporter -->
<testsuite hostname="DESKTOP-F41TUJF" failures="0" tests="2" name="testng.basics.LoginTestBatch09" time="7.962" errors="0" timestamp="2021-05-28T00:13:13 PDT" skipped="0">
  <testcase classname="testng.basics.LoginTestBatch09" name="validationOfTitle" time="3.197"/>
  <system-out/>
  <testcase classname="testng.basics.LoginTestBatch09" name="validLogin" time="4.765"/>
  <system-out/>
</testsuite> <!-- testng.basics.LoginTestBatch09 -->
