<?xml version="1.0" encoding="UTF-8"?>
<!-- Generated by org.testng.reporters.JUnitReportReporter -->
<testsuite hostname="DESKTOP-F41TUJF" failures="0" tests="3" name="testng.basics.Task" time="0.017" errors="0" timestamp="2021-05-15T09:39:22 PDT" skipped="0">
  <testcase classname="testng.basics.Task" name="cTest" time="0.003"/>
  <system-out/>
  <testcase classname="testng.basics.Task" name="aTest" time="0.012"/>
  <system-out/>
  <testcase classname="testng.basics.Task" name="bTest" time="0.002"/>
  <system-out/>
</testsuite> <!-- testng.basics.Task -->
