<?xml version="1.0" encoding="UTF-8"?>
<!-- Generated by org.testng.reporters.JUnitReportReporter -->
<testsuite hostname="DESKTOP-F41TUJF" failures="0" tests="3" name="testng.basics.Task01" time="0.003" errors="0" timestamp="2021-05-28T00:13:13 PDT" skipped="0">
  <testcase classname="testng.basics.Task01" name="bTest" time="0.001"/>
  <system-out/>
  <testcase classname="testng.basics.Task01" name="cTest" time="0.001"/>
  <system-out/>
  <testcase classname="testng.basics.Task01" name="aTest" time="0.001"/>
  <system-out/>
</testsuite> <!-- testng.basics.Task01 -->
