<?xml version="1.0" encoding="UTF-8"?>
<!-- Generated by org.testng.reporters.JUnitReportReporter -->
<testsuite hostname="DESKTOP-F41TUJF" failures="0" tests="3" name="testng.basics02.EnableAndDisableDemo" time="7.439" errors="0" timestamp="2021-05-27T22:44:12 PDT" skipped="1">
  <testcase classname="testng.basics02.EnableAndDisableDemo" name="validLogin" time="4.570"/>
  <system-out/>
  <testcase classname="testng.basics02.EnableAndDisableDemo" name="validationOfTitle" time="2.869"/>
  <system-out/>
  <testcase classname="testng.basics02.EnableAndDisableDemo" name="invalidLogin">
    <skipped/>
  </testcase> <!-- invalidLogin -->
  <system-out/>
</testsuite> <!-- testng.basics02.EnableAndDisableDemo -->
